[debug] [2020-06-30T07:40:38.236Z] ----------------------------------------------------------------------
[debug] [2020-06-30T07:40:38.237Z] Command:       /usr/bin/node /home/atmira/.npm-global/bin/firebase emulators:start --only functions
[debug] [2020-06-30T07:40:38.237Z] CLI Version:   8.4.3
[debug] [2020-06-30T07:40:38.238Z] Platform:      linux
[debug] [2020-06-30T07:40:38.238Z] Node Version:  v10.19.0
[debug] [2020-06-30T07:40:38.238Z] Time:          Tue Jun 30 2020 09:40:38 GMT+0200 (hora de verano de Europa central)
[debug] [2020-06-30T07:40:38.238Z] ----------------------------------------------------------------------
[debug] [2020-06-30T07:40:38.238Z] 
[debug] [2020-06-30T07:40:38.243Z] > command requires scopes: ["email","openid","https://www.googleapis.com/auth/cloudplatformprojects.readonly","https://www.googleapis.com/auth/firebase","https://www.googleapis.com/auth/cloud-platform"]
[debug] [2020-06-30T07:40:38.243Z] > authorizing via signed-in user
[info] i  emulators: Starting emulators: functions {"metadata":{"emulator":{"name":"hub"},"message":"Starting emulators: functions"}}
[warn] ⚠  hub: emulator hub unable to start on port 4400, starting on 4402 instead. {"metadata":{"emulator":{"name":"hub"},"message":"emulator hub unable to start on port 4400, starting on 4402 instead."}}
[debug] [2020-06-30T07:40:38.269Z] [hub] writing locator at /tmp/hub-instagram-c72cf.json
[warn] ⚠  Your requested "node" version "8" doesn't match your global version "10" {"metadata":{"emulator":{"name":"functions"},"message":"Your requested \"node\" version \"8\" doesn't match your global version \"10\""}}
[warn] ⚠  logging: Logging Emulator unable to start on port 4500, starting on 4502 instead. {"metadata":{"emulator":{"name":"logging"},"message":"Logging Emulator unable to start on port 4500, starting on 4502 instead."}}
[warn] ⚠  ui: Emulator UI unable to start on port 4000, starting on 4002 instead. {"metadata":{"emulator":{"name":"ui"},"message":"Emulator UI unable to start on port 4000, starting on 4002 instead."}}
[debug] [2020-06-30T07:40:38.303Z] Ignoring unsupported arg: auto_download {"metadata":{"emulator":{"name":"ui"},"message":"Ignoring unsupported arg: auto_download"}}
[debug] [2020-06-30T07:40:38.303Z] Ignoring unsupported arg: port {"metadata":{"emulator":{"name":"ui"},"message":"Ignoring unsupported arg: port"}}
[debug] [2020-06-30T07:40:38.303Z] Starting Emulator UI with command {"binary":"node","args":["/home/atmira/.cache/firebase/emulators/ui-v1.1.0/server.bundle.js"],"optionalArgs":[],"joinArgs":false} {"metadata":{"emulator":{"name":"ui"},"message":"Starting Emulator UI with command {\"binary\":\"node\",\"args\":[\"/home/atmira/.cache/firebase/emulators/ui-v1.1.0/server.bundle.js\"],\"optionalArgs\":[],\"joinArgs\":false}"}}
[info] i  ui: Emulator UI logging to ui-debug.log {"metadata":{"emulator":{"name":"ui"},"message":"Emulator UI logging to \u001b[1mui-debug.log\u001b[22m"}}
[debug] [2020-06-30T07:40:38.699Z] Web / API server started at http://localhost:4002
 {"metadata":{"emulator":{"name":"ui"},"message":"Web / API server started at http://localhost:4002\n"}}
[info] i  functions: Watching "/home/atmira/src/typescript/instagram/instagram/functions" for Cloud Functions... {"metadata":{"emulator":{"name":"functions"},"message":"Watching \"/home/atmira/src/typescript/instagram/instagram/functions\" for Cloud Functions..."}}
[debug] [2020-06-30T07:40:38.829Z] [worker-pool] addWorker(~diagnostic~) {"metadata":{"emulator":{"name":"functions"},"message":"[worker-pool] addWorker(~diagnostic~)"}}
[debug] [2020-06-30T07:40:38.829Z] [worker-pool] Adding worker with key ~diagnostic~, total=1 {"metadata":{"emulator":{"name":"functions"},"message":"[worker-pool] Adding worker with key ~diagnostic~, total=1"}}
[debug] [2020-06-30T07:40:38.829Z] [worker-pool] submitWork(triggerId=) {"metadata":{"emulator":{"name":"functions"},"message":"[worker-pool] submitWork(triggerId=)"}}
[debug] [2020-06-30T07:40:38.830Z] [worker-~diagnostic~-001ad5d6-864b-496b-a6e1-e85d0a015cd9]: Assigning socketPath: /tmp/fire_emu_15405.sock {"metadata":{"emulator":{"name":"functions"},"message":"[worker-~diagnostic~-001ad5d6-864b-496b-a6e1-e85d0a015cd9]: Assigning socketPath: /tmp/fire_emu_15405.sock"}}
[debug] [2020-06-30T07:40:38.830Z] [worker-~diagnostic~-001ad5d6-864b-496b-a6e1-e85d0a015cd9]: BUSY {"metadata":{"emulator":{"name":"functions"},"message":"[worker-~diagnostic~-001ad5d6-864b-496b-a6e1-e85d0a015cd9]: BUSY"}}
[debug] [2020-06-30T07:40:39.324Z] [runtime-status] [15405] Functions runtime initialized. {"cwd":"/home/atmira/src/typescript/instagram/instagram/functions","node_version":"10.19.0"} {"metadata":{"emulator":{"name":"functions"},"message":"[runtime-status] [15405] Functions runtime initialized. {\"cwd\":\"/home/atmira/src/typescript/instagram/instagram/functions\",\"node_version\":\"10.19.0\"}"}}
[debug] [2020-06-30T07:40:39.326Z] [runtime-status] [15405] Disabled runtime features: undefined {"metadata":{"emulator":{"name":"functions"},"message":"[runtime-status] [15405] Disabled runtime features: undefined"}}
[debug] [2020-06-30T07:40:39.327Z] [runtime-status] [15405] Resolved module firebase-admin {"declared":true,"installed":true,"version":"8.12.1","resolution":"/home/atmira/src/typescript/instagram/instagram/functions/node_modules/firebase-admin/lib/index.js"} {"metadata":{"emulator":{"name":"functions"},"message":"[runtime-status] [15405] Resolved module firebase-admin {\"declared\":true,\"installed\":true,\"version\":\"8.12.1\",\"resolution\":\"/home/atmira/src/typescript/instagram/instagram/functions/node_modules/firebase-admin/lib/index.js\"}"}}
[debug] [2020-06-30T07:40:39.328Z] [runtime-status] [15405] Resolved module firebase-functions {"declared":true,"installed":true,"version":"3.7.0","resolution":"/home/atmira/src/typescript/instagram/instagram/functions/node_modules/firebase-functions/lib/index.js"} {"metadata":{"emulator":{"name":"functions"},"message":"[runtime-status] [15405] Resolved module firebase-functions {\"declared\":true,\"installed\":true,\"version\":\"3.7.0\",\"resolution\":\"/home/atmira/src/typescript/instagram/instagram/functions/node_modules/firebase-functions/lib/index.js\"}"}}
[debug] [2020-06-30T07:40:39.331Z] [runtime-status] [15405] Outgoing network have been stubbed. [{"name":"http","status":"mocked"},{"name":"http","status":"mocked"},{"name":"https","status":"mocked"},{"name":"https","status":"mocked"},{"name":"net","status":"mocked"}] {"metadata":{"emulator":{"name":"functions"},"message":"[runtime-status] [15405] Outgoing network have been stubbed. [{\"name\":\"http\",\"status\":\"mocked\"},{\"name\":\"http\",\"status\":\"mocked\"},{\"name\":\"https\",\"status\":\"mocked\"},{\"name\":\"https\",\"status\":\"mocked\"},{\"name\":\"net\",\"status\":\"mocked\"}]"}}
[debug] [2020-06-30T07:40:39.332Z] [runtime-status] [15405] Resolved module firebase-functions {"declared":true,"installed":true,"version":"3.7.0","resolution":"/home/atmira/src/typescript/instagram/instagram/functions/node_modules/firebase-functions/lib/index.js"} {"metadata":{"emulator":{"name":"functions"},"message":"[runtime-status] [15405] Resolved module firebase-functions {\"declared\":true,\"installed\":true,\"version\":\"3.7.0\",\"resolution\":\"/home/atmira/src/typescript/instagram/instagram/functions/node_modules/firebase-functions/lib/index.js\"}"}}
[debug] [2020-06-30T07:40:39.359Z] [runtime-status] [15405] Checked functions.config() {"config":{}} {"metadata":{"emulator":{"name":"functions"},"message":"[runtime-status] [15405] Checked functions.config() {\"config\":{}}"}}
[debug] [2020-06-30T07:40:39.359Z] [runtime-status] [15405] firebase-functions has been stubbed. {"functionsResolution":{"declared":true,"installed":true,"version":"3.7.0","resolution":"/home/atmira/src/typescript/instagram/instagram/functions/node_modules/firebase-functions/lib/index.js"}} {"metadata":{"emulator":{"name":"functions"},"message":"[runtime-status] [15405] firebase-functions has been stubbed. {\"functionsResolution\":{\"declared\":true,\"installed\":true,\"version\":\"3.7.0\",\"resolution\":\"/home/atmira/src/typescript/instagram/instagram/functions/node_modules/firebase-functions/lib/index.js\"}}"}}
[debug] [2020-06-30T07:40:39.360Z] [runtime-status] [15405] Resolved module firebase-functions {"declared":true,"installed":true,"version":"3.7.0","resolution":"/home/atmira/src/typescript/instagram/instagram/functions/node_modules/firebase-functions/lib/index.js"} {"metadata":{"emulator":{"name":"functions"},"message":"[runtime-status] [15405] Resolved module firebase-functions {\"declared\":true,\"installed\":true,\"version\":\"3.7.0\",\"resolution\":\"/home/atmira/src/typescript/instagram/instagram/functions/node_modules/firebase-functions/lib/index.js\"}"}}
[debug] [2020-06-30T07:40:39.361Z] [runtime-status] [15405] Resolved module firebase-admin {"declared":true,"installed":true,"version":"8.12.1","resolution":"/home/atmira/src/typescript/instagram/instagram/functions/node_modules/firebase-admin/lib/index.js"} {"metadata":{"emulator":{"name":"functions"},"message":"[runtime-status] [15405] Resolved module firebase-admin {\"declared\":true,\"installed\":true,\"version\":\"8.12.1\",\"resolution\":\"/home/atmira/src/typescript/instagram/instagram/functions/node_modules/firebase-admin/lib/index.js\"}"}}
[debug] [2020-06-30T07:40:39.361Z] [runtime-status] [15405] Resolved module firebase-functions {"declared":true,"installed":true,"version":"3.7.0","resolution":"/home/atmira/src/typescript/instagram/instagram/functions/node_modules/firebase-functions/lib/index.js"} {"metadata":{"emulator":{"name":"functions"},"message":"[runtime-status] [15405] Resolved module firebase-functions {\"declared\":true,\"installed\":true,\"version\":\"3.7.0\",\"resolution\":\"/home/atmira/src/typescript/instagram/instagram/functions/node_modules/firebase-functions/lib/index.js\"}"}}
[debug] [2020-06-30T07:40:39.361Z] [runtime-status] [15405] firebase-admin has been stubbed. {"adminResolution":{"declared":true,"installed":true,"version":"8.12.1","resolution":"/home/atmira/src/typescript/instagram/instagram/functions/node_modules/firebase-admin/lib/index.js"}} {"metadata":{"emulator":{"name":"functions"},"message":"[runtime-status] [15405] firebase-admin has been stubbed. {\"adminResolution\":{\"declared\":true,\"installed\":true,\"version\":\"8.12.1\",\"resolution\":\"/home/atmira/src/typescript/instagram/instagram/functions/node_modules/firebase-admin/lib/index.js\"}}"}}
[debug] [2020-06-30T07:40:39.363Z] [worker-~diagnostic~-001ad5d6-864b-496b-a6e1-e85d0a015cd9]: IDLE {"metadata":{"emulator":{"name":"functions"},"message":"[worker-~diagnostic~-001ad5d6-864b-496b-a6e1-e85d0a015cd9]: IDLE"}}
[info] ✔  functions[helloWorld]: http function initialized (http://localhost:5003/instagram-c72cf/us-central1/helloWorld). {"metadata":{"emulator":{"name":"functions"},"message":"\u001b[1mhttp\u001b[22m function initialized (http://localhost:5003/instagram-c72cf/us-central1/helloWorld)."}}
[info] 
┌───────────────────────────────────────────────────────────────────────┐
│ ✔  All emulators ready! View status and logs at http://localhost:4002 │
└───────────────────────────────────────────────────────────────────────┘

┌───────────┬────────────────┬─────────────────────────────────┐
│ Emulator  │ Host:Port      │ View in Emulator UI             │
├───────────┼────────────────┼─────────────────────────────────┤
│ Functions │ localhost:5003 │ http://localhost:4002/functions │
└───────────┴────────────────┴─────────────────────────────────┘
  Other reserved ports: 4402, 4502

Issues? Report them at https://github.com/firebase/firebase-tools/issues and attach the *-debug.log files.
 
